mode: set
github.com/georgemac/adagio/pkg/graph/diff.go:10.33,16.41 2 0
github.com/georgemac/adagio/pkg/graph/diff.go:29.2,34.28 4 0
github.com/georgemac/adagio/pkg/graph/diff.go:16.41,17.36 1 0
github.com/georgemac/adagio/pkg/graph/diff.go:25.3,26.27 2 0
github.com/georgemac/adagio/pkg/graph/diff.go:17.36,20.32 2 0
github.com/georgemac/adagio/pkg/graph/diff.go:20.32,22.5 1 0
github.com/georgemac/adagio/pkg/graph/graph.go:23.32,32.2 3 1
github.com/georgemac/adagio/pkg/graph/graph.go:34.32,39.2 1 0
github.com/georgemac/adagio/pkg/graph/graph.go:41.37,42.22 1 1
github.com/georgemac/adagio/pkg/graph/graph.go:46.2,46.22 1 1
github.com/georgemac/adagio/pkg/graph/graph.go:42.22,44.3 1 0
github.com/georgemac/adagio/pkg/graph/graph.go:46.22,48.3 1 0
github.com/georgemac/adagio/pkg/graph/graph.go:51.47,54.26 2 1
github.com/georgemac/adagio/pkg/graph/graph.go:64.2,64.12 1 1
github.com/georgemac/adagio/pkg/graph/graph.go:54.26,55.46 1 1
github.com/georgemac/adagio/pkg/graph/graph.go:59.3,59.46 1 1
github.com/georgemac/adagio/pkg/graph/graph.go:55.46,57.4 1 0
github.com/georgemac/adagio/pkg/graph/graph.go:59.46,61.4 1 0
github.com/georgemac/adagio/pkg/graph/graph.go:67.46,68.27 1 1
github.com/georgemac/adagio/pkg/graph/graph.go:72.2,72.36 1 1
github.com/georgemac/adagio/pkg/graph/graph.go:68.27,70.3 1 0
github.com/georgemac/adagio/pkg/graph/graph.go:75.46,76.27 1 1
github.com/georgemac/adagio/pkg/graph/graph.go:80.2,80.36 1 1
github.com/georgemac/adagio/pkg/graph/graph.go:76.27,78.3 1 0
github.com/georgemac/adagio/pkg/graph/graph.go:83.71,84.27 1 1
github.com/georgemac/adagio/pkg/graph/graph.go:88.2,88.34 1 1
github.com/georgemac/adagio/pkg/graph/graph.go:84.27,86.3 1 1
github.com/georgemac/adagio/pkg/graph/graph.go:91.71,92.27 1 1
github.com/georgemac/adagio/pkg/graph/graph.go:96.2,96.34 1 1
github.com/georgemac/adagio/pkg/graph/graph.go:92.27,94.3 1 1
github.com/georgemac/adagio/pkg/graph/graph.go:99.46,102.52 2 1
github.com/georgemac/adagio/pkg/graph/graph.go:106.2,106.36 1 1
github.com/georgemac/adagio/pkg/graph/graph.go:102.52,104.3 1 1
github.com/georgemac/adagio/pkg/graph/graph.go:109.44,110.53 1 1
github.com/georgemac/adagio/pkg/graph/graph.go:116.2,116.8 1 1
github.com/georgemac/adagio/pkg/graph/graph.go:110.53,111.18 1 1
github.com/georgemac/adagio/pkg/graph/graph.go:111.18,113.4 1 1
github.com/georgemac/adagio/pkg/graph/graph.go:119.69,125.30 2 1
github.com/georgemac/adagio/pkg/graph/graph.go:131.2,131.8 1 1
github.com/georgemac/adagio/pkg/graph/graph.go:125.30,129.3 3 1
github.com/georgemac/adagio/pkg/graph/graph.go:134.42,136.2 1 1
github.com/georgemac/adagio/pkg/graph/graph.go:147.55,149.21 2 0
github.com/georgemac/adagio/pkg/graph/graph.go:153.2,153.35 1 0
github.com/georgemac/adagio/pkg/graph/graph.go:149.21,151.3 1 0
github.com/georgemac/adagio/pkg/graph/graph.go:153.35,155.3 1 0
github.com/georgemac/adagio/pkg/graph/graph.go:158.37,164.24 2 1
github.com/georgemac/adagio/pkg/graph/graph.go:168.2,168.14 1 1
github.com/georgemac/adagio/pkg/graph/graph.go:164.24,166.3 1 1
github.com/georgemac/adagio/pkg/graph/graph.go:171.35,172.36 1 1
github.com/georgemac/adagio/pkg/graph/graph.go:177.2,177.14 1 1
github.com/georgemac/adagio/pkg/graph/graph.go:172.36,175.3 2 1
github.com/georgemac/adagio/pkg/graph/graph.go:180.54,182.9 2 1
github.com/georgemac/adagio/pkg/graph/graph.go:186.2,186.31 1 1
github.com/georgemac/adagio/pkg/graph/graph.go:190.2,190.27 1 1
github.com/georgemac/adagio/pkg/graph/graph.go:182.9,184.3 1 1
github.com/georgemac/adagio/pkg/graph/graph.go:186.31,188.3 1 1
github.com/georgemac/adagio/pkg/graph/graph.go:193.49,196.2 2 1
github.com/georgemac/adagio/pkg/graph/graph.go:198.47,199.22 1 1
github.com/georgemac/adagio/pkg/graph/graph.go:203.2,203.20 1 1
github.com/georgemac/adagio/pkg/graph/graph.go:207.2,209.12 2 1
github.com/georgemac/adagio/pkg/graph/graph.go:199.22,201.3 1 0
github.com/georgemac/adagio/pkg/graph/graph.go:203.20,205.3 1 1
github.com/georgemac/adagio/pkg/graph/graph.go:212.40,213.18 1 1
github.com/georgemac/adagio/pkg/graph/graph.go:217.2,219.12 2 1
github.com/georgemac/adagio/pkg/graph/graph.go:213.18,215.3 1 0
github.com/georgemac/adagio/pkg/graph/graph.go:222.56,224.8 2 1
github.com/georgemac/adagio/pkg/graph/graph.go:228.2,228.8 1 1
github.com/georgemac/adagio/pkg/graph/graph.go:224.8,226.3 1 1
github.com/georgemac/adagio/pkg/graph/graph.go:231.34,233.22 2 1
github.com/georgemac/adagio/pkg/graph/graph.go:237.2,237.13 1 1
github.com/georgemac/adagio/pkg/graph/graph.go:233.22,235.3 1 1
github.com/georgemac/adagio/pkg/graph/graph.go:240.34,242.22 2 1
github.com/georgemac/adagio/pkg/graph/graph.go:246.2,246.13 1 1
github.com/georgemac/adagio/pkg/graph/graph.go:242.22,244.3 1 1
github.com/georgemac/adagio/pkg/graph/graph.go:249.35,251.2 1 1
